
                                      ARENA Simulation Results
                                 Edoardo Passarin - License: STUDENT

                                  Summary for Replication 1 of 5

Project: Unnamed Project                                             Run execution date : 3/ 7/2022
Analyst: francesco.verucchi@hotmail.it                               Model revision date: 3/ 7/2022

Replication ended at time      : 86400.0 Hours 
Base Time Units: Hours

                                           TALLY VARIABLES

Identifier                                  Average   Half Width  Minimum    Maximum   Observations
___________________________________________________________________________________________________

Tally 1                                         --         --         --         --          0
Systime_tally                               128.02     .45190     113.51     147.81       4108    
Part.VATime                                     --         --         --         --          0
Part.NVATime                                    --         --         --         --          0
Part.WaitTime                                   --         --         --         --          0
Part.TranTime                                   --         --         --         --          0
Part.OtherTime                                  --         --         --         --          0
Part.TotalTime                                  --         --         --         --          0
Q1.WaitingTime                              .33107     .03786     .00000     6.5019       4114    
Q2.WaitingTime                              .43472     .02611     .00000     4.9502       4113    
Q3.WaitingTime                              1.9209     .19342     .00000     22.264       4112    
Q4.WaitingTime                              2.4532     .20699     .00000     14.738       4111    
Q5.WaitingTime                              .44585     .04201     .00000     5.9327       4110    
Q6.WaitingTime                              1.8515     .20107     .00000     21.395       4109    

                                     DISCRETE-CHANGE VARIABLES

Identifier                                  Average   Half Width  Minimum    Maximum   Final Value
___________________________________________________________________________________________________

Part.WIP                                    6.0916     .02616     .00000     8.0000     6.0000    
M1.NumberBusy                               .95151     .00207     .00000     1.0000     1.0000    
M1.NumberScheduled                          1.0000     (Insuf)    1.0000     1.0000     1.0000    
M1.Utilization                              .95151     .00207     .00000     1.0000     1.0000    
M2.NumberBusy                               .95225     .00116     .00000     1.0000     1.0000    
M2.NumberScheduled                          1.0000     (Insuf)    1.0000     1.0000     1.0000    
M2.Utilization                              .95225     .00116     .00000     1.0000     1.0000    
M3.NumberBusy                               .95525     .00335     .00000     1.0000     1.0000    
M3.NumberScheduled                          1.0000     (Insuf)    1.0000     1.0000     1.0000    
M3.Utilization                              .95525     .00335     .00000     1.0000     1.0000    
M4.NumberBusy                               .97528     .00170     .00000     1.0000     1.0000    
M4.NumberScheduled                          1.0000     (Insuf)    1.0000     1.0000     1.0000    
M4.Utilization                              .97528     .00170     .00000     1.0000     1.0000    
M5.NumberBusy                               .95161     .00312     .00000     1.0000     1.0000    
M5.NumberScheduled                          1.0000     (Insuf)    1.0000     1.0000     1.0000    
M5.Utilization                              .95161     .00312     .00000     1.0000     1.0000    
M6.NumberBusy                               .95185     .00437     .00000     1.0000     1.0000    
M6.NumberScheduled                          1.0000     (Insuf)    1.0000     1.0000     1.0000    
M6.Utilization                              .95185     .00437     .00000     1.0000     1.0000    
Q1.NumberInQueue                            .01576     .00166     .00000     1.0000     .00000    
Q2.NumberInQueue                            .02069     .00164     .00000     1.0000     .00000    
Q3.NumberInQueue                            .09142     .01010     .00000     2.0000     .00000    
Q4.NumberInQueue                            .11673     .00956     .00000     1.0000     .00000    
Q5.NumberInQueue                            .02121     .00181     .00000     1.0000     .00000    
Q6.NumberInQueue                            .08806     .01181     .00000     2.0000     .00000    

                                             OUTPUTS

Identifier                                   Value
_____________________________________________________________

Part.NumberIn                               4114.0    
Part.NumberOut                              4108.0    
M1.NumberSeized                             4114.0    
M1.ScheduledUtilization                     .95151    
M2.NumberSeized                             4113.0    
M2.ScheduledUtilization                     .95225    
M3.NumberSeized                             4112.0    
M3.ScheduledUtilization                     .95525    
M4.NumberSeized                             4111.0    
M4.ScheduledUtilization                     .97528    
M5.NumberSeized                             4110.0    
M5.ScheduledUtilization                     .95161    
M6.NumberSeized                             4109.0    
M6.ScheduledUtilization                     .95185    
System.NumberOut                            .00000    

Beginning replication 2 of 5

                                      ARENA Simulation Results
                                 Edoardo Passarin - License: STUDENT

                                  Summary for Replication 2 of 5

Project: Unnamed Project                                             Run execution date : 3/ 7/2022
Analyst: francesco.verucchi@hotmail.it                               Model revision date: 3/ 7/2022

Replication ended at time      : 86400.0 Hours 
Base Time Units: Hours

                                           TALLY VARIABLES

Identifier                                  Average   Half Width  Minimum    Maximum   Observations
___________________________________________________________________________________________________

Tally 1                                         --         --         --         --          0
Systime_tally                               127.55     .40286     116.07     149.23       4109    
Part.VATime                                     --         --         --         --          0
Part.NVATime                                    --         --         --         --          0
Part.WaitTime                                   --         --         --         --          0
Part.TranTime                                   --         --         --         --          0
Part.OtherTime                                  --         --         --         --          0
Part.TotalTime                                  --         --         --         --          0
Q1.WaitingTime                              .35352     .04832     .00000     7.0106       4115    
Q2.WaitingTime                              .44055     .02911     .00000     5.8141       4114    
Q3.WaitingTime                              1.6151     .21923     .00000     18.794       4113    
Q4.WaitingTime                              2.3587     .16716     .00000     17.780       4111    
Q5.WaitingTime                              .53035     .06515     .00000     6.9667       4110    
Q6.WaitingTime                              1.7614     .16555     .00000     17.437       4109    

                                     DISCRETE-CHANGE VARIABLES

Identifier                                  Average   Half Width  Minimum    Maximum   Final Value
___________________________________________________________________________________________________

Part.WIP                                    6.0705     .02752     .00000     8.0000     6.0000    
M1.NumberBusy                               .95307     .00147     .00000     1.0000     1.0000    
M1.NumberScheduled                          1.0000     (Insuf)    1.0000     1.0000     1.0000    
M1.Utilization                              .95307     .00147     .00000     1.0000     1.0000    
M2.NumberBusy                               .95253     .00141     .00000     1.0000     1.0000    
M2.NumberScheduled                          1.0000     (Insuf)    1.0000     1.0000     1.0000    
M2.Utilization                              .95253     .00141     .00000     1.0000     1.0000    
M3.NumberBusy                               .94985     .00379     .00000     1.0000     1.0000    
M3.NumberScheduled                          1.0000     (Insuf)    1.0000     1.0000     1.0000    
M3.Utilization                              .94985     .00379     .00000     1.0000     1.0000    
M4.NumberBusy                               .97539     .00181     .00000     1.0000     1.0000    
M4.NumberScheduled                          1.0000     (Insuf)    1.0000     1.0000     1.0000    
M4.Utilization                              .97539     .00181     .00000     1.0000     1.0000    
M5.NumberBusy                               .95348     .00306     .00000     1.0000     1.0000    
M5.NumberScheduled                          1.0000     (Insuf)    1.0000     1.0000     1.0000    
M5.Utilization                              .95348     .00306     .00000     1.0000     1.0000    
M6.NumberBusy                               .95025     .00433     .00000     1.0000     .00000    
M6.NumberScheduled                          1.0000     (Insuf)    1.0000     1.0000     1.0000    
M6.Utilization                              .95025     .00433     .00000     1.0000     .00000    
Q1.NumberInQueue                            .01684     .00247     .00000     1.0000     .00000    
Q2.NumberInQueue                            .02098     .00133     .00000     1.0000     .00000    
Q3.NumberInQueue                            .07689     .01239     .00000     1.0000     .00000    
Q4.NumberInQueue                            .11229     .00883     .00000     1.0000     1.0000    
Q5.NumberInQueue                            .02523     .00260     .00000     1.0000     .00000    
Q6.NumberInQueue                            .08377     .00880     .00000     1.0000     .00000    

                                             OUTPUTS

Identifier                                   Value
_____________________________________________________________

Part.NumberIn                               4115.0    
Part.NumberOut                              4109.0    
M1.NumberSeized                             4115.0    
M1.ScheduledUtilization                     .95307    
M2.NumberSeized                             4114.0    
M2.ScheduledUtilization                     .95253    
M3.NumberSeized                             4113.0    
M3.ScheduledUtilization                     .94985    
M4.NumberSeized                             4111.0    
M4.ScheduledUtilization                     .97539    
M5.NumberSeized                             4110.0    
M5.ScheduledUtilization                     .95348    
M6.NumberSeized                             4109.0    
M6.ScheduledUtilization                     .95025    
System.NumberOut                            .00000    

Beginning replication 3 of 5

                                      ARENA Simulation Results
                                 Edoardo Passarin - License: STUDENT

                                  Summary for Replication 3 of 5

Project: Unnamed Project                                             Run execution date : 3/ 7/2022
Analyst: francesco.verucchi@hotmail.it                               Model revision date: 3/ 7/2022

Replication ended at time      : 86400.0 Hours 
Base Time Units: Hours

                                           TALLY VARIABLES

Identifier                                  Average   Half Width  Minimum    Maximum   Observations
___________________________________________________________________________________________________

Tally 1                                         --         --         --         --          0
Systime_tally                               127.43     .62390     115.16     145.21       4108    
Part.VATime                                     --         --         --         --          0
Part.NVATime                                    --         --         --         --          0
Part.WaitTime                                   --         --         --         --          0
Part.TranTime                                   --         --         --         --          0
Part.OtherTime                                  --         --         --         --          0
Part.TotalTime                                  --         --         --         --          0
Q1.WaitingTime                              .37782     .05114     .00000     6.3448       4114    
Q2.WaitingTime                              .41044     .02527     .00000     4.5320       4113    
Q3.WaitingTime                              1.7143     .25732     .00000     17.828       4112    
Q4.WaitingTime                              2.3899     .14887     .00000     13.471       4111    
Q5.WaitingTime                              .44078     .06515     .00000     6.2482       4110    
Q6.WaitingTime                              1.6835     .19216     .00000     15.290       4109    

                                     DISCRETE-CHANGE VARIABLES

Identifier                                  Average   Half Width  Minimum    Maximum   Final Value
___________________________________________________________________________________________________

Part.WIP                                    6.0635     .04011     .00000     7.0000     6.0000    
M1.NumberBusy                               .95287     .00204     .00000     1.0000     1.0000    
M1.NumberScheduled                          1.0000     (Insuf)    1.0000     1.0000     1.0000    
M1.Utilization                              .95287     .00204     .00000     1.0000     1.0000    
M2.NumberBusy                               .95195     .00142     .00000     1.0000     1.0000    
M2.NumberScheduled                          1.0000     (Insuf)    1.0000     1.0000     1.0000    
M2.Utilization                              .95195     .00142     .00000     1.0000     1.0000    
M3.NumberBusy                               .94987     .00448     .00000     1.0000     1.0000    
M3.NumberScheduled                          1.0000     (Insuf)    1.0000     1.0000     1.0000    
M3.Utilization                              .94987     .00448     .00000     1.0000     1.0000    
M4.NumberBusy                               .97534     (Corr)     .00000     1.0000     1.0000    
M4.NumberScheduled                          1.0000     (Insuf)    1.0000     1.0000     1.0000    
M4.Utilization                              .97534     (Corr)     .00000     1.0000     1.0000    
M5.NumberBusy                               .95034     .00361     .00000     1.0000     1.0000    
M5.NumberScheduled                          1.0000     (Insuf)    1.0000     1.0000     1.0000    
M5.Utilization                              .95034     .00361     .00000     1.0000     1.0000    
M6.NumberBusy                               .94927     .00466     .00000     1.0000     1.0000    
M6.NumberScheduled                          1.0000     (Insuf)    1.0000     1.0000     1.0000    
M6.Utilization                              .94927     .00466     .00000     1.0000     1.0000    
Q1.NumberInQueue                            .01799     .00246     .00000     1.0000     .00000    
Q2.NumberInQueue                            .01954     .00131     .00000     1.0000     .00000    
Q3.NumberInQueue                            .08159     .01457     .00000     1.0000     .00000    
Q4.NumberInQueue                            .11372     .00764     .00000     1.0000     .00000    
Q5.NumberInQueue                            .02097     .00341     .00000     1.0000     .00000    
Q6.NumberInQueue                            .08006     .00940     .00000     1.0000     .00000    

                                             OUTPUTS

Identifier                                   Value
_____________________________________________________________

Part.NumberIn                               4114.0    
Part.NumberOut                              4108.0    
M1.NumberSeized                             4114.0    
M1.ScheduledUtilization                     .95287    
M2.NumberSeized                             4113.0    
M2.ScheduledUtilization                     .95195    
M3.NumberSeized                             4112.0    
M3.ScheduledUtilization                     .94987    
M4.NumberSeized                             4111.0    
M4.ScheduledUtilization                     .97534    
M5.NumberSeized                             4110.0    
M5.ScheduledUtilization                     .95034    
M6.NumberSeized                             4109.0    
M6.ScheduledUtilization                     .94927    
System.NumberOut                            .00000    

Beginning replication 4 of 5

                                      ARENA Simulation Results
                                 Edoardo Passarin - License: STUDENT

                                  Summary for Replication 4 of 5

Project: Unnamed Project                                             Run execution date : 3/ 7/2022
Analyst: francesco.verucchi@hotmail.it                               Model revision date: 3/ 7/2022

Replication ended at time      : 86400.0 Hours 
Base Time Units: Hours

                                           TALLY VARIABLES

Identifier                                  Average   Half Width  Minimum    Maximum   Observations
___________________________________________________________________________________________________

Tally 1                                         --         --         --         --          0
Systime_tally                               127.72     (Corr)     115.04     150.88       4105    
Part.VATime                                     --         --         --         --          0
Part.NVATime                                    --         --         --         --          0
Part.WaitTime                                   --         --         --         --          0
Part.TranTime                                   --         --         --         --          0
Part.OtherTime                                  --         --         --         --          0
Part.TotalTime                                  --         --         --         --          0
Q1.WaitingTime                              .29945     .03334     .00000     5.8231       4112    
Q2.WaitingTime                              .39871     .02665     .00000     3.9737       4111    
Q3.WaitingTime                              1.9382     (Corr)     .00000     23.757       4110    
Q4.WaitingTime                              2.3336     .19514     .00000     16.171       4109    
Q5.WaitingTime                              .45319     .07007     .00000     7.6760       4108    
Q6.WaitingTime                              1.7504     .21714     .00000     14.412       4106    

                                     DISCRETE-CHANGE VARIABLES

Identifier                                  Average   Half Width  Minimum    Maximum   Final Value
___________________________________________________________________________________________________

Part.WIP                                    6.0741     .04266     .00000     8.0000     7.0000    
M1.NumberBusy                               .95028     .00179     .00000     1.0000     1.0000    
M1.NumberScheduled                          1.0000     (Insuf)    1.0000     1.0000     1.0000    
M1.Utilization                              .95028     .00179     .00000     1.0000     1.0000    
M2.NumberBusy                               .95217     .00122     .00000     1.0000     1.0000    
M2.NumberScheduled                          1.0000     (Insuf)    1.0000     1.0000     1.0000    
M2.Utilization                              .95217     .00122     .00000     1.0000     1.0000    
M3.NumberBusy                               .95304     .00468     .00000     1.0000     1.0000    
M3.NumberScheduled                          1.0000     (Insuf)    1.0000     1.0000     1.0000    
M3.Utilization                              .95304     .00468     .00000     1.0000     1.0000    
M4.NumberBusy                               .97475     .00208     .00000     1.0000     1.0000    
M4.NumberScheduled                          1.0000     (Insuf)    1.0000     1.0000     1.0000    
M4.Utilization                              .97475     .00208     .00000     1.0000     1.0000    
M5.NumberBusy                               .95122     .00302     .00000     1.0000     1.0000    
M5.NumberScheduled                          1.0000     (Insuf)    1.0000     1.0000     1.0000    
M5.Utilization                              .95122     .00302     .00000     1.0000     1.0000    
M6.NumberBusy                               .95151     (Corr)     .00000     1.0000     1.0000    
M6.NumberScheduled                          1.0000     (Insuf)    1.0000     1.0000     1.0000    
M6.Utilization                              .95151     (Corr)     .00000     1.0000     1.0000    
Q1.NumberInQueue                            .01425     .00166     .00000     1.0000     .00000    
Q2.NumberInQueue                            .01897     .00134     .00000     1.0000     .00000    
Q3.NumberInQueue                            .09220     .01741     .00000     2.0000     .00000    
Q4.NumberInQueue                            .11098     .01007     .00000     1.0000     .00000    
Q5.NumberInQueue                            .02155     .00293     .00000     1.0000     .00000    
Q6.NumberInQueue                            .08324     .01168     .00000     1.0000     1.0000    

                                             OUTPUTS

Identifier                                   Value
_____________________________________________________________

Part.NumberIn                               4112.0    
Part.NumberOut                              4105.0    
M1.NumberSeized                             4112.0    
M1.ScheduledUtilization                     .95028    
M2.NumberSeized                             4111.0    
M2.ScheduledUtilization                     .95217    
M3.NumberSeized                             4110.0    
M3.ScheduledUtilization                     .95304    
M4.NumberSeized                             4109.0    
M4.ScheduledUtilization                     .97475    
M5.NumberSeized                             4108.0    
M5.ScheduledUtilization                     .95122    
M6.NumberSeized                             4106.0    
M6.ScheduledUtilization                     .95151    
System.NumberOut                            .00000    

Beginning replication 5 of 5

                                      ARENA Simulation Results
                                 Edoardo Passarin - License: STUDENT

                                  Summary for Replication 5 of 5

Project: Unnamed Project                                             Run execution date : 3/ 7/2022
Analyst: francesco.verucchi@hotmail.it                               Model revision date: 3/ 7/2022

Replication ended at time      : 86400.0 Hours 
Base Time Units: Hours

                                           TALLY VARIABLES

Identifier                                  Average   Half Width  Minimum    Maximum   Observations
___________________________________________________________________________________________________

Tally 1                                         --         --         --         --          0
Systime_tally                               127.90     .52522     115.14     146.65       4111    
Part.VATime                                     --         --         --         --          0
Part.NVATime                                    --         --         --         --          0
Part.WaitTime                                   --         --         --         --          0
Part.TranTime                                   --         --         --         --          0
Part.OtherTime                                  --         --         --         --          0
Part.TotalTime                                  --         --         --         --          0
Q1.WaitingTime                              .30537     .03138     .00000     4.5387       4117    
Q2.WaitingTime                              .40644     .02318     .00000     4.7689       4116    
Q3.WaitingTime                              1.9723     .25026     .00000     20.757       4115    
Q4.WaitingTime                              2.5213     .18889     .00000     18.251       4114    
Q5.WaitingTime                              .46072     .05887     .00000     6.0467       4113    
Q6.WaitingTime                              1.7491     .18188     .00000     16.174       4112    

                                     DISCRETE-CHANGE VARIABLES

Identifier                                  Average   Half Width  Minimum    Maximum   Final Value
___________________________________________________________________________________________________

Part.WIP                                    6.0908     .02806     .00000     7.0000     6.0000    
M1.NumberBusy                               .95224     .00247     .00000     1.0000     1.0000    
M1.NumberScheduled                          1.0000     (Insuf)    1.0000     1.0000     1.0000    
M1.Utilization                              .95224     .00247     .00000     1.0000     1.0000    
M2.NumberBusy                               .95295     .00123     .00000     1.0000     .00000    
M2.NumberScheduled                          1.0000     (Insuf)    1.0000     1.0000     1.0000    
M2.Utilization                              .95295     .00123     .00000     1.0000     .00000    
M3.NumberBusy                               .95432     .00205     .00000     1.0000     1.0000    
M3.NumberScheduled                          1.0000     (Insuf)    1.0000     1.0000     1.0000    
M3.Utilization                              .95432     .00205     .00000     1.0000     1.0000    
M4.NumberBusy                               .97608     .00151     .00000     1.0000     1.0000    
M4.NumberScheduled                          1.0000     (Insuf)    1.0000     1.0000     1.0000    
M4.Utilization                              .97608     .00151     .00000     1.0000     1.0000    
M5.NumberBusy                               .95138     .00270     .00000     1.0000     1.0000    
M5.NumberScheduled                          1.0000     (Insuf)    1.0000     1.0000     1.0000    
M5.Utilization                              .95138     .00270     .00000     1.0000     1.0000    
M6.NumberBusy                               .95080     .00354     .00000     1.0000     1.0000    
M6.NumberScheduled                          1.0000     (Insuf)    1.0000     1.0000     1.0000    
M6.Utilization                              .95080     .00354     .00000     1.0000     1.0000    
Q1.NumberInQueue                            .01455     .00177     .00000     1.0000     .00000    
Q2.NumberInQueue                            .01936      8.7939E-4 .00000     1.0000     .00000    
Q3.NumberInQueue                            .09395     .01228     .00000     2.0000     1.0000    
Q4.NumberInQueue                            .12006     .01065     .00000     1.0000     .00000    
Q5.NumberInQueue                            .02193     .00280     .00000     1.0000     .00000    
Q6.NumberInQueue                            .08325     .00925     .00000     1.0000     .00000    

                                             OUTPUTS

Identifier                                   Value
_____________________________________________________________

Part.NumberIn                               4117.0    
Part.NumberOut                              4111.0    
M1.NumberSeized                             4117.0    
M1.ScheduledUtilization                     .95224    
M2.NumberSeized                             4116.0    
M2.ScheduledUtilization                     .95295    
M3.NumberSeized                             4115.0    
M3.ScheduledUtilization                     .95432    
M4.NumberSeized                             4114.0    
M4.ScheduledUtilization                     .97608    
M5.NumberSeized                             4113.0    
M5.ScheduledUtilization                     .95138    
M6.NumberSeized                             4112.0    
M6.ScheduledUtilization                     .95080    
System.NumberOut                            .00000    


                                      ARENA Simulation Results
                                 Edoardo Passarin - License: STUDENT

                                  Output Summary for 5 Replications

Project: Unnamed Project                                             Run execution date : 3/ 7/2022
Analyst: francesco.verucchi@hotmail.it                               Model revision date: 3/ 7/2022


                                             OUTPUTS

Identifier                                 Average    Half-width Minimum    Maximum # Replications
___________________________________________________________________________________________________

Part.NumberIn                               4114.4     2.2552     4112.0     4117.0     5
Part.NumberOut                              4108.2     2.6914     4105.0     4111.0     5
M1.NumberSeized                             4114.4     2.2552     4112.0     4117.0     5
M1.ScheduledUtilization                     .95200     .00141     .95028     .95307     5
M2.NumberSeized                             4113.4     2.2552     4111.0     4116.0     5
M2.ScheduledUtilization                     .95237      4.7826E-4 .95195     .95295     5
M3.NumberSeized                             4112.4     2.2552     4110.0     4115.0     5
M3.ScheduledUtilization                     .95247     .00311     .94985     .95525     5
M4.NumberSeized                             4111.2     2.2208     4109.0     4114.0     5
M4.ScheduledUtilization                     .97537      5.8796E-4 .97475     .97608     5
M5.NumberSeized                             4110.2     2.2208     4108.0     4113.0     5
M5.ScheduledUtilization                     .95161     .00143     .95034     .95348     5
M6.NumberSeized                             4109.0     2.6335     4106.0     4112.0     5
M6.ScheduledUtilization                     .95073     .00128     .94927     .95185     5
System.NumberOut                            .00000     .00000     .00000     .00000     5

Simulation run time: 0.08 minutes.
Simulation run complete.
